TN:
SF:src\app\app.component.ts
FN:12,(anonymous_0)
FNF:1
FNH:1
FNDA:3,(anonymous_0)
DA:9,1
DA:10,3
DA:12,3
LF:3
LH:3
BRF:0
BRH:0
end_of_record
TN:
SF:src\app\application\application.component.ts
FN:35,(anonymous_0)
FN:48,(anonymous_1)
FN:56,(anonymous_2)
FN:59,(anonymous_3)
FN:68,(anonymous_4)
FN:73,(anonymous_5)
FN:81,(anonymous_6)
FN:83,(anonymous_7)
FN:88,(anonymous_8)
FN:91,(anonymous_9)
FN:100,(anonymous_10)
FN:100,(anonymous_11)
FNF:12
FNH:12
FNDA:4,(anonymous_0)
FNDA:4,(anonymous_1)
FNDA:1,(anonymous_2)
FNDA:1,(anonymous_3)
FNDA:1,(anonymous_4)
FNDA:1,(anonymous_5)
FNDA:4,(anonymous_6)
FNDA:4,(anonymous_7)
FNDA:4,(anonymous_8)
FNDA:2,(anonymous_9)
FNDA:1,(anonymous_10)
FNDA:1,(anonymous_11)
DA:18,1
DA:21,4
DA:22,4
DA:23,4
DA:30,4
DA:35,4
DA:36,4
DA:37,4
DA:38,4
DA:39,4
DA:40,4
DA:41,4
DA:42,4
DA:47,4
DA:48,4
DA:50,4
DA:51,4
DA:54,4
DA:57,1
DA:58,1
DA:60,1
DA:61,1
DA:69,1
DA:74,1
DA:75,1
DA:76,1
DA:77,1
DA:78,1
DA:79,1
DA:82,4
DA:84,4
DA:85,4
DA:89,4
DA:92,2
DA:93,2
DA:98,2
DA:99,2
DA:100,2
LF:38
LH:38
BRDA:50,0,0,4
BRDA:61,1,0,1
BRDA:61,1,1,1
BRDA:61,1,2,1
BRDA:61,1,3,1
BRDA:61,1,4,1
BRDA:61,1,5,1
BRDA:74,2,0,1
BRDA:76,3,0,1
BRDA:78,4,0,1
BRDA:84,5,0,4
BRF:11
BRH:11
end_of_record
TN:
SF:src\app\application\account\account.component.ts
FN:38,(anonymous_0)
FN:52,(anonymous_1)
FN:58,(anonymous_2)
FN:66,(anonymous_3)
FN:69,(anonymous_4)
FN:78,(anonymous_5)
FN:83,(anonymous_6)
FN:91,(anonymous_7)
FN:100,(anonymous_8)
FN:101,(anonymous_9)
FN:104,(anonymous_10)
FNF:11
FNH:11
FNDA:4,(anonymous_0)
FNDA:4,(anonymous_1)
FNDA:4,(anonymous_2)
FNDA:2,(anonymous_3)
FNDA:2,(anonymous_4)
FNDA:2,(anonymous_5)
FNDA:3,(anonymous_6)
FNDA:2,(anonymous_7)
FNDA:1,(anonymous_8)
FNDA:1,(anonymous_9)
FNDA:8,(anonymous_10)
DA:20,1
DA:30,4
DA:31,4
DA:32,4
DA:33,4
DA:38,4
DA:39,4
DA:40,4
DA:41,4
DA:42,4
DA:43,4
DA:44,4
DA:45,4
DA:46,4
DA:51,4
DA:52,4
DA:54,4
DA:55,4
DA:57,4
DA:59,4
DA:60,4
DA:61,4
DA:64,4
DA:67,2
DA:68,2
DA:70,2
DA:71,2
DA:79,2
DA:84,3
DA:85,3
DA:86,3
DA:87,3
DA:88,3
DA:89,3
DA:92,2
DA:93,2
DA:98,2
DA:99,2
DA:100,2
DA:101,1
DA:102,2
DA:105,8
LF:42
LH:42
BRDA:54,0,0,4
BRDA:59,1,0,4
BRDA:71,2,0,2
BRDA:71,2,1,2
BRDA:71,2,2,2
BRDA:71,2,3,2
BRDA:71,2,4,2
BRDA:71,2,5,2
BRDA:84,3,0,3
BRDA:86,4,0,3
BRDA:88,5,0,3
BRF:11
BRH:11
end_of_record
TN:
SF:src\app\application\create-new-offer\create-new-offer.component.ts
FN:25,(anonymous_0)
FN:33,(anonymous_1)
FN:34,(anonymous_2)
FN:44,(anonymous_3)
FN:50,(anonymous_4)
FN:54,(anonymous_5)
FN:56,(anonymous_6)
FN:61,(anonymous_7)
FN:63,(anonymous_8)
FNF:9
FNH:9
FNDA:5,(anonymous_0)
FNDA:4,(anonymous_1)
FNDA:1,(anonymous_2)
FNDA:1,(anonymous_3)
FNDA:3,(anonymous_4)
FNDA:1,(anonymous_5)
FNDA:1,(anonymous_6)
FNDA:2,(anonymous_7)
FNDA:2,(anonymous_8)
DA:13,1
DA:21,5
DA:23,5
DA:24,5
DA:25,5
DA:27,5
DA:28,5
DA:29,5
DA:30,5
DA:33,4
DA:34,1
DA:38,5
DA:42,5
DA:45,1
DA:51,3
DA:55,1
DA:57,1
DA:60,1
DA:61,2
DA:62,1
DA:63,2
LF:21
LH:21
BRDA:60,0,0,1
BRDA:60,1,0,1
BRDA:60,1,1,1
BRDA:60,1,2,1
BRDA:62,2,0,1
BRDA:62,3,0,1
BRDA:62,3,1,1
BRDA:62,3,2,1
BRF:8
BRH:8
end_of_record
TN:
SF:src\app\application\create-new-offer\create-offer\create-offer.component.ts
FN:30,(anonymous_0)
FN:34,(anonymous_1)
FN:39,(anonymous_2)
FN:54,(anonymous_3)
FN:55,(anonymous_4)
FN:62,(anonymous_5)
FN:66,(anonymous_6)
FN:75,(anonymous_7)
FN:76,(anonymous_8)
FN:81,(anonymous_9)
FNF:10
FNH:10
FNDA:7,(anonymous_0)
FNDA:7,(anonymous_1)
FNDA:7,(anonymous_2)
FNDA:1,(anonymous_3)
FNDA:1,(anonymous_4)
FNDA:7,(anonymous_5)
FNDA:3,(anonymous_6)
FNDA:2,(anonymous_7)
FNDA:1,(anonymous_8)
FNDA:30,(anonymous_9)
DA:20,1
DA:22,7
DA:30,7
DA:31,7
DA:32,7
DA:33,7
DA:35,7
DA:38,7
DA:40,7
DA:44,7
DA:45,7
DA:46,7
DA:47,7
DA:52,7
DA:54,1
DA:56,1
DA:57,1
DA:58,1
DA:63,7
DA:67,3
DA:68,3
DA:69,3
DA:70,3
DA:71,3
DA:72,3
DA:75,2
DA:76,1
DA:82,30
DA:83,30
DA:84,30
LF:30
LH:30
BRDA:70,0,0,1
BRDA:70,0,1,2
BRDA:84,1,0,28
BRDA:84,1,1,2
BRDA:84,2,0,29
BRDA:84,2,1,1
BRF:6
BRH:6
end_of_record
TN:
SF:src\app\application\create-new-offer\product-card\product-card.component.ts
FN:17,(anonymous_0)
FN:20,(anonymous_1)
FNF:2
FNH:2
FNDA:8,(anonymous_0)
FNDA:1,(anonymous_1)
DA:13,1
DA:17,8
DA:18,8
DA:21,1
DA:22,1
LF:5
LH:5
BRF:0
BRH:0
end_of_record
TN:
SF:src\app\application\create-reservation\create-reservation.component.ts
FN:23,(anonymous_0)
FN:31,(anonymous_1)
FN:32,(anonymous_2)
FN:43,(anonymous_3)
FN:52,(anonymous_4)
FN:55,(anonymous_5)
FN:58,(anonymous_6)
FN:60,(anonymous_7)
FNF:8
FNH:8
FNDA:4,(anonymous_0)
FNDA:3,(anonymous_1)
FNDA:1,(anonymous_2)
FNDA:1,(anonymous_3)
FNDA:3,(anonymous_4)
FNDA:1,(anonymous_5)
FNDA:2,(anonymous_6)
FNDA:1,(anonymous_7)
DA:12,1
DA:14,4
DA:15,4
DA:16,4
DA:23,4
DA:25,4
DA:26,4
DA:28,4
DA:31,3
DA:32,1
DA:37,4
DA:42,4
DA:44,1
DA:53,3
DA:56,1
DA:57,1
DA:58,2
DA:59,1
DA:60,1
LF:19
LH:19
BRDA:57,0,0,1
BRDA:57,1,0,1
BRDA:57,1,1,1
BRDA:57,1,2,1
BRDA:59,2,0,1
BRDA:59,3,0,1
BRDA:59,3,1,1
BRDA:59,3,2,1
BRF:8
BRH:8
end_of_record
TN:
SF:src\app\application\create-reservation\new-reservation\new-reservation.component.ts
FN:24,(anonymous_0)
FN:27,(anonymous_1)
FN:40,(anonymous_2)
FN:47,(anonymous_3)
FN:48,(anonymous_4)
FN:57,(anonymous_5)
FN:61,(anonymous_6)
FN:65,(anonymous_7)
FN:66,(anonymous_8)
FN:70,(anonymous_9)
FNF:10
FNH:10
FNDA:6,(anonymous_0)
FNDA:6,(anonymous_1)
FNDA:6,(anonymous_2)
FNDA:1,(anonymous_3)
FNDA:1,(anonymous_4)
FNDA:6,(anonymous_5)
FNDA:2,(anonymous_6)
FNDA:1,(anonymous_7)
FNDA:1,(anonymous_8)
FNDA:14,(anonymous_9)
DA:16,1
DA:18,6
DA:24,6
DA:25,6
DA:26,6
DA:28,6
DA:29,6
DA:32,6
DA:33,6
DA:34,6
DA:39,6
DA:41,6
DA:45,6
DA:47,1
DA:49,1
DA:50,1
DA:51,1
DA:52,1
DA:58,6
DA:62,2
DA:65,1
DA:66,1
DA:71,14
DA:72,14
DA:73,14
LF:25
LH:25
BRDA:49,0,0,1
BRDA:49,1,0,1
BRDA:49,1,1,1
BRDA:51,2,0,1
BRDA:51,3,0,1
BRDA:51,3,1,1
BRDA:51,3,2,1
BRDA:73,4,0,12
BRDA:73,4,1,2
BRDA:73,5,0,13
BRDA:73,5,1,1
BRF:11
BRH:11
end_of_record
TN:
SF:src\app\application\create-reservation\product-card\product-card.component.ts
FN:17,(anonymous_0)
FN:20,(anonymous_1)
FN:24,(anonymous_2)
FNF:3
FNH:3
FNDA:9,(anonymous_0)
FNDA:1,(anonymous_1)
FNDA:1,(anonymous_2)
DA:13,1
DA:17,9
DA:18,9
DA:21,1
DA:22,1
DA:25,1
DA:26,1
LF:7
LH:7
BRF:0
BRH:0
end_of_record
TN:
SF:src\app\application\discounts\discounts.component.ts
FN:15,(anonymous_0)
FN:19,(anonymous_1)
FN:20,(anonymous_2)
FN:25,(anonymous_3)
FNF:4
FNH:4
FNDA:3,(anonymous_0)
FNDA:2,(anonymous_1)
FNDA:1,(anonymous_2)
FNDA:2,(anonymous_3)
DA:11,1
DA:13,3
DA:14,3
DA:15,3
DA:16,3
DA:19,2
DA:20,1
DA:26,2
LF:8
LH:8
BRF:0
BRH:0
end_of_record
TN:
SF:src\app\application\discounts\discount-card\discount-card.component.ts
FN:15,(anonymous_0)
FNF:1
FNH:1
FNDA:5,(anonymous_0)
DA:11,1
DA:15,5
DA:16,5
LF:3
LH:3
BRF:0
BRH:0
end_of_record
TN:
SF:src\app\application\main-page\main-page.component.ts
FN:10,(anonymous_0)
FN:18,(anonymous_1)
FN:21,(anonymous_2)
FN:32,(anonymous_3)
FN:65,(anonymous_4)
FN:68,(anonymous_5)
FN:74,(anonymous_6)
FN:78,render
FN:87,(anonymous_8)
FN:93,(anonymous_9)
FN:96,(anonymous_10)
FNF:11
FNH:11
FNDA:2,(anonymous_0)
FNDA:330,(anonymous_1)
FNDA:339,(anonymous_2)
FNDA:168,(anonymous_3)
FNDA:168,(anonymous_4)
FNDA:165,(anonymous_5)
FNDA:3,(anonymous_6)
FNDA:165,render
FNDA:3,(anonymous_8)
FNDA:3,(anonymous_9)
FNDA:3,(anonymous_10)
DA:10,1
DA:11,2
DA:12,2
DA:13,2
DA:14,2
DA:15,2
DA:19,330
DA:22,339
DA:24,2
DA:26,2
DA:34,168
DA:35,168
DA:37,168
DA:38,119
DA:40,168
DA:44,168
DA:45,168
DA:47,168
DA:50,168
DA:51,119
DA:52,119
DA:53,119
DA:54,119
DA:55,119
DA:56,119
DA:57,119
DA:58,119
DA:59,119
DA:60,119
DA:61,119
DA:62,119
DA:66,168
DA:69,165
DA:70,119
DA:71,119
DA:75,3
DA:77,3
DA:78,3
DA:79,165
DA:80,165
DA:81,165
DA:82,165
DA:83,165
DA:84,165
DA:88,3
DA:89,3
DA:90,3
DA:95,3
DA:96,3
DA:97,3
DA:98,3
LF:51
LH:51
BRDA:37,0,0,119
BRDA:50,1,0,119
BRDA:69,2,0,119
BRDA:95,3,0,3
BRF:4
BRH:4
end_of_record
TN:
SF:src\app\application\meetings\meetings.component.ts
FN:20,(anonymous_0)
FN:25,(anonymous_1)
FN:30,(anonymous_2)
FN:33,(anonymous_3)
FN:36,(anonymous_4)
FN:40,(anonymous_5)
FN:43,(anonymous_6)
FN:46,(anonymous_7)
FN:49,(anonymous_8)
FN:54,(anonymous_9)
FNF:10
FNH:10
FNDA:5,(anonymous_0)
FNDA:5,(anonymous_1)
FNDA:5,(anonymous_2)
FNDA:5,(anonymous_3)
FNDA:2,(anonymous_4)
FNDA:1,(anonymous_5)
FNDA:1,(anonymous_6)
FNDA:4,(anonymous_7)
FNDA:21,(anonymous_8)
FNDA:42,(anonymous_9)
DA:13,1
DA:20,5
DA:21,5
DA:22,5
DA:23,5
DA:24,5
DA:26,5
DA:29,5
DA:30,5
DA:34,5
DA:37,2
DA:38,2
DA:41,1
DA:43,1
DA:46,4
DA:50,21
DA:51,21
DA:55,42
DA:56,42
LF:19
LH:19
BRDA:56,0,0,1
BRDA:56,0,1,41
BRF:2
BRH:2
end_of_record
TN:
SF:src\app\application\navigation\navigation-big\navigation-big.component.ts
FN:31,(anonymous_0)
FN:36,(anonymous_1)
FN:39,(anonymous_2)
FN:42,(anonymous_3)
FN:45,(anonymous_4)
FN:48,(anonymous_5)
FN:51,(anonymous_6)
FN:52,(anonymous_7)
FN:56,(anonymous_8)
FN:60,(anonymous_9)
FN:64,(anonymous_10)
FN:68,(anonymous_11)
FN:71,(anonymous_12)
FNF:13
FNH:13
FNDA:11,(anonymous_0)
FNDA:11,(anonymous_1)
FNDA:11,(anonymous_2)
FNDA:66,(anonymous_3)
FNDA:168,(anonymous_4)
FNDA:2,(anonymous_5)
FNDA:1,(anonymous_6)
FNDA:1,(anonymous_7)
FNDA:2,(anonymous_8)
FNDA:1,(anonymous_9)
FNDA:1,(anonymous_10)
FNDA:1,(anonymous_11)
FNDA:1,(anonymous_12)
DA:16,1
DA:18,11
DA:19,11
DA:29,11
DA:31,11
DA:32,11
DA:33,11
DA:34,11
DA:35,11
DA:36,11
DA:38,11
DA:39,11
DA:43,66
DA:46,168
DA:49,2
DA:51,1
DA:52,1
DA:57,2
DA:61,1
DA:62,1
DA:64,1
DA:69,1
DA:72,1
LF:23
LH:23
BRF:0
BRH:0
end_of_record
TN:
SF:src\app\application\navigation\navigation-medium\navigation-medium.component.ts
FN:32,(anonymous_0)
FN:37,(anonymous_1)
FN:40,(anonymous_2)
FN:44,(anonymous_3)
FN:47,(anonymous_4)
FN:50,(anonymous_5)
FN:53,(anonymous_6)
FN:56,(anonymous_7)
FNF:8
FNH:8
FNDA:7,(anonymous_0)
FNDA:7,(anonymous_1)
FNDA:7,(anonymous_2)
FNDA:7,(anonymous_3)
FNDA:1,(anonymous_4)
FNDA:14,(anonymous_5)
FNDA:84,(anonymous_6)
FNDA:1,(anonymous_7)
DA:16,1
DA:18,7
DA:29,7
DA:32,7
DA:33,7
DA:34,7
DA:35,7
DA:36,7
DA:37,7
DA:39,7
DA:40,7
DA:45,7
DA:48,1
DA:51,14
DA:54,84
DA:57,1
LF:16
LH:16
BRF:0
BRH:0
end_of_record
TN:
SF:src\app\application\navigation\navigation-small\navigation-small.component.ts
FN:21,(anonymous_0)
FN:26,(anonymous_1)
FN:29,(anonymous_2)
FN:32,(anonymous_3)
FN:35,(anonymous_4)
FN:38,(anonymous_5)
FNF:6
FNH:6
FNDA:6,(anonymous_0)
FNDA:6,(anonymous_1)
FNDA:6,(anonymous_2)
FNDA:24,(anonymous_3)
FNDA:76,(anonymous_4)
FNDA:1,(anonymous_5)
DA:16,1
DA:21,6
DA:22,6
DA:23,6
DA:24,6
DA:25,6
DA:26,6
DA:28,6
DA:29,6
DA:33,24
DA:36,76
DA:39,1
LF:12
LH:12
BRF:0
BRH:0
end_of_record
TN:
SF:src\app\application\offers\offers.component.ts
FN:29,(anonymous_0)
FN:32,(anonymous_1)
FN:36,(anonymous_2)
FN:48,(anonymous_3)
FN:53,(anonymous_4)
FN:56,(anonymous_5)
FN:58,(anonymous_6)
FN:61,(anonymous_7)
FN:64,(anonymous_8)
FN:70,(anonymous_9)
FN:76,(anonymous_10)
FN:79,(anonymous_11)
FN:83,(anonymous_12)
FNF:13
FNH:13
FNDA:15,(anonymous_0)
FNDA:14,(anonymous_1)
FNDA:1,(anonymous_2)
FNDA:8,(anonymous_3)
FNDA:5,(anonymous_4)
FNDA:8,(anonymous_5)
FNDA:8,(anonymous_6)
FNDA:2,(anonymous_7)
FNDA:2,(anonymous_8)
FNDA:2,(anonymous_9)
FNDA:2,(anonymous_10)
FNDA:2,(anonymous_11)
FNDA:1,(anonymous_12)
DA:15,1
DA:18,15
DA:26,15
DA:29,15
DA:30,15
DA:33,14
DA:34,14
DA:36,1
DA:39,15
DA:46,15
DA:49,8
DA:54,5
DA:57,8
DA:59,8
DA:60,8
DA:61,2
DA:63,8
DA:64,1
DA:65,2
DA:69,8
DA:70,1
DA:71,2
DA:75,8
DA:76,2
DA:78,8
DA:79,2
DA:84,1
LF:27
LH:27
BRDA:60,0,0,1
BRDA:60,1,0,8
BRDA:60,1,1,5
BRDA:63,2,0,1
BRDA:63,3,0,8
BRDA:63,3,1,2
BRDA:69,4,0,1
BRDA:69,5,0,8
BRDA:69,5,1,2
BRDA:75,6,0,1
BRDA:78,7,0,1
BRF:11
BRH:11
end_of_record
TN:
SF:src\app\application\offers\create-offer\create-offer.component.ts
FN:26,(anonymous_0)
FN:29,(anonymous_1)
FN:35,(anonymous_2)
FN:51,(anonymous_3)
FN:52,(anonymous_4)
FN:59,(anonymous_5)
FN:63,(anonymous_6)
FN:67,(anonymous_7)
FN:68,(anonymous_8)
FN:72,(anonymous_9)
FNF:10
FNH:10
FNDA:5,(anonymous_0)
FNDA:5,(anonymous_1)
FNDA:5,(anonymous_2)
FNDA:5,(anonymous_3)
FNDA:5,(anonymous_4)
FNDA:5,(anonymous_5)
FNDA:2,(anonymous_6)
FNDA:1,(anonymous_7)
FNDA:1,(anonymous_8)
FNDA:22,(anonymous_9)
DA:17,1
DA:19,5
DA:26,5
DA:27,5
DA:28,5
DA:30,5
DA:31,5
DA:34,5
DA:36,5
DA:37,5
DA:38,5
DA:41,5
DA:42,5
DA:43,5
DA:44,5
DA:49,5
DA:51,5
DA:53,5
DA:54,5
DA:55,5
DA:60,5
DA:64,2
DA:67,1
DA:68,1
DA:73,22
DA:74,22
DA:75,22
LF:27
LH:27
BRDA:75,0,0,20
BRDA:75,0,1,2
BRDA:75,1,0,21
BRDA:75,1,1,1
BRF:4
BRH:4
end_of_record
TN:
SF:src\app\application\offers\offer-card\offer-card.component.ts
FN:15,(anonymous_0)
FN:18,(anonymous_1)
FN:22,(anonymous_2)
FNF:3
FNH:3
FNDA:12,(anonymous_0)
FNDA:1,(anonymous_1)
FNDA:48,(anonymous_2)
DA:12,1
DA:14,12
DA:15,12
DA:19,1
DA:20,1
DA:23,48
LF:6
LH:6
BRF:0
BRH:0
end_of_record
TN:
SF:src\app\application\our-stores\our-stores.component.ts
FN:16,(anonymous_0)
FN:21,(anonymous_1)
FN:28,(anonymous_2)
FNF:3
FNH:3
FNDA:3,(anonymous_0)
FNDA:3,(anonymous_1)
FNDA:2,(anonymous_2)
DA:11,1
DA:16,3
DA:17,3
DA:18,3
DA:19,3
DA:22,3
DA:29,2
DA:33,2
LF:8
LH:8
BRF:0
BRH:0
end_of_record
TN:
SF:src\app\application\personal-offers\personal-offers.component.ts
FNF:0
FNH:0
DA:9,1
LF:1
LH:1
BRF:0
BRH:0
end_of_record
TN:
SF:src\app\application\personal-offers\personal-offers-content\personal-offers-content.component.ts
FN:37,(anonymous_0)
FN:43,(anonymous_1)
FN:48,(anonymous_2)
FN:50,(anonymous_3)
FN:57,(anonymous_4)
FN:70,(anonymous_5)
FN:74,(anonymous_6)
FN:78,(anonymous_7)
FN:80,(anonymous_8)
FN:83,(anonymous_9)
FN:85,(anonymous_10)
FN:87,(anonymous_11)
FN:89,(anonymous_12)
FN:91,(anonymous_13)
FN:94,(anonymous_14)
FN:98,(anonymous_15)
FN:102,(anonymous_16)
FNF:17
FNH:17
FNDA:4,(anonymous_0)
FNDA:4,(anonymous_1)
FNDA:4,(anonymous_2)
FNDA:8,(anonymous_3)
FNDA:4,(anonymous_4)
FNDA:1,(anonymous_5)
FNDA:4,(anonymous_6)
FNDA:1,(anonymous_7)
FNDA:1,(anonymous_8)
FNDA:2,(anonymous_9)
FNDA:1,(anonymous_10)
FNDA:1,(anonymous_11)
FNDA:1,(anonymous_12)
FNDA:1,(anonymous_13)
FNDA:2,(anonymous_14)
FNDA:1,(anonymous_15)
FNDA:32,(anonymous_16)
DA:24,1
DA:25,4
DA:26,4
DA:28,4
DA:37,4
DA:38,4
DA:39,4
DA:40,4
DA:41,4
DA:43,4
DA:46,4
DA:50,4
DA:51,8
DA:53,4
DA:57,4
DA:62,4
DA:69,4
DA:71,1
DA:75,4
DA:79,1
DA:81,1
DA:82,1
DA:83,2
DA:84,1
DA:85,1
DA:86,1
DA:87,1
DA:88,1
DA:89,1
DA:90,1
DA:91,1
DA:95,2
DA:99,1
DA:100,1
DA:103,32
LF:35
LH:35
BRDA:82,0,0,1
BRDA:82,1,0,1
BRDA:82,1,1,1
BRDA:84,2,0,1
BRDA:84,3,0,1
BRDA:84,3,1,1
BRDA:86,4,0,1
BRDA:86,5,0,1
BRDA:86,5,1,1
BRDA:88,6,0,1
BRDA:90,7,0,1
BRF:11
BRH:11
end_of_record
TN:
SF:src\app\application\personal-offers\update-offer\update-offer.component.ts
FN:29,(anonymous_0)
FN:42,(anonymous_1)
FN:47,(anonymous_2)
FN:53,(anonymous_3)
FN:71,(anonymous_4)
FN:72,(anonymous_5)
FN:79,(anonymous_6)
FN:82,(anonymous_7)
FN:86,(anonymous_8)
FN:87,(anonymous_9)
FN:91,(anonymous_10)
FNF:11
FNH:11
FNDA:6,(anonymous_0)
FNDA:6,(anonymous_1)
FNDA:6,(anonymous_2)
FNDA:6,(anonymous_3)
FNDA:1,(anonymous_4)
FNDA:1,(anonymous_5)
FNDA:6,(anonymous_6)
FNDA:2,(anonymous_7)
FNDA:1,(anonymous_8)
FNDA:1,(anonymous_9)
FNDA:38,(anonymous_10)
DA:17,1
DA:20,6
DA:30,6
DA:31,6
DA:32,6
DA:33,6
DA:36,6
DA:37,6
DA:38,6
DA:41,6
DA:42,6
DA:46,6
DA:47,6
DA:51,6
DA:55,6
DA:56,6
DA:60,6
DA:61,6
DA:62,6
DA:64,6
DA:69,6
DA:71,1
DA:73,1
DA:74,1
DA:75,1
DA:80,6
DA:83,2
DA:86,1
DA:87,1
DA:92,38
DA:93,38
DA:94,38
LF:32
LH:32
BRDA:94,0,0,36
BRDA:94,0,1,2
BRDA:94,1,0,37
BRDA:94,1,1,1
BRF:4
BRH:4
end_of_record
TN:
SF:src\app\application\product-stores\product-stores.component.ts
FN:15,(anonymous_0)
FN:19,(anonymous_1)
FN:20,(anonymous_2)
FN:25,(anonymous_3)
FNF:4
FNH:4
FNDA:3,(anonymous_0)
FNDA:2,(anonymous_1)
FNDA:1,(anonymous_2)
FNDA:2,(anonymous_3)
DA:11,1
DA:13,3
DA:14,3
DA:15,3
DA:16,3
DA:19,2
DA:20,1
DA:26,2
LF:8
LH:8
BRF:0
BRH:0
end_of_record
TN:
SF:src\app\application\product-stores\product-store-card\product-store-card.component.ts
FN:16,(anonymous_0)
FNF:1
FNH:1
FNDA:5,(anonymous_0)
DA:12,1
DA:16,5
DA:17,5
LF:3
LH:3
BRF:0
BRH:0
end_of_record
TN:
SF:src\app\application\products\products.component.ts
FN:15,(anonymous_0)
FN:19,(anonymous_1)
FN:20,(anonymous_2)
FN:25,(anonymous_3)
FNF:4
FNH:4
FNDA:5,(anonymous_0)
FNDA:1,(anonymous_1)
FNDA:1,(anonymous_2)
FNDA:3,(anonymous_3)
DA:11,1
DA:13,5
DA:14,5
DA:15,5
DA:16,5
DA:19,1
DA:20,1
DA:26,3
LF:8
LH:8
BRF:0
BRH:0
end_of_record
TN:
SF:src\app\application\products\product\product.component.ts
FN:14,(anonymous_0)
FN:15,(anonymous_1)
FNF:2
FNH:2
FNDA:1,(anonymous_0)
FNDA:1,(anonymous_1)
DA:11,1
DA:13,1
DA:14,1
DA:15,1
LF:4
LH:4
BRF:0
BRH:0
end_of_record
TN:
SF:src\app\application\products\product-card\product-card.component.ts
FN:18,(anonymous_0)
FN:21,(anonymous_1)
FNF:2
FNH:2
FNDA:2,(anonymous_0)
FNDA:1,(anonymous_1)
DA:14,1
DA:18,2
DA:19,2
DA:22,1
DA:23,1
LF:5
LH:5
BRF:0
BRH:0
end_of_record
TN:
SF:src\app\application\promotions\promotions.component.ts
FN:15,(anonymous_0)
FN:19,(anonymous_1)
FN:20,(anonymous_2)
FN:25,(anonymous_3)
FNF:4
FNH:4
FNDA:3,(anonymous_0)
FNDA:2,(anonymous_1)
FNDA:1,(anonymous_2)
FNDA:2,(anonymous_3)
DA:11,1
DA:13,3
DA:14,3
DA:15,3
DA:16,3
DA:19,2
DA:20,1
DA:26,2
LF:8
LH:8
BRF:0
BRH:0
end_of_record
TN:
SF:src\app\application\promotions\promotion\promotion.component.ts
FN:18,(anonymous_0)
FN:22,(anonymous_1)
FN:28,(anonymous_2)
FNF:3
FNH:3
FNDA:1,(anonymous_0)
FNDA:1,(anonymous_1)
FNDA:1,(anonymous_2)
DA:13,1
DA:18,1
DA:19,1
DA:20,1
DA:21,1
DA:23,1
DA:29,1
DA:33,1
LF:8
LH:8
BRF:0
BRH:0
end_of_record
TN:
SF:src\app\application\promotions\promotion-card\promotion-card.component.ts
FN:16,(anonymous_0)
FN:19,(anonymous_1)
FNF:2
FNH:2
FNDA:6,(anonymous_0)
FNDA:1,(anonymous_1)
DA:12,1
DA:16,6
DA:17,6
DA:20,1
DA:21,1
LF:5
LH:5
BRF:0
BRH:0
end_of_record
TN:
SF:src\app\application\reservations\reservations.component.ts
FN:20,(anonymous_0)
FN:35,(anonymous_1)
FN:43,(anonymous_2)
FN:46,(anonymous_3)
FN:48,(anonymous_4)
FNF:5
FNH:5
FNDA:3,(anonymous_0)
FNDA:3,(anonymous_1)
FNDA:3,(anonymous_2)
FNDA:6,(anonymous_3)
FNDA:2,(anonymous_4)
DA:12,1
DA:20,3
DA:22,3
DA:23,3
DA:24,3
DA:25,3
DA:26,3
DA:28,3
DA:33,3
DA:36,3
DA:37,3
DA:41,3
DA:44,3
DA:45,3
DA:46,6
DA:47,3
DA:48,2
LF:17
LH:17
BRDA:45,0,0,3
BRDA:45,1,0,3
BRDA:45,1,1,3
BRDA:47,2,0,2
BRDA:47,3,0,3
BRDA:47,3,1,3
BRDA:47,3,2,3
BRF:7
BRH:7
end_of_record
TN:
SF:src\app\application\reservations\reservation-card\reservation-card.component.ts
FN:12,(anonymous_0)
FN:15,(anonymous_1)
FNF:2
FNH:2
FNDA:5,(anonymous_0)
FNDA:10,(anonymous_1)
DA:10,1
DA:13,5
DA:16,10
LF:3
LH:3
BRF:0
BRH:0
end_of_record
TN:
SF:src\app\application\scanner\scanner.component.ts
FN:23,(anonymous_0)
FN:26,(anonymous_1)
FN:30,(anonymous_2)
FN:34,(anonymous_3)
FN:41,(anonymous_4)
FN:46,(anonymous_5)
FN:47,(anonymous_6)
FN:53,(anonymous_7)
FNF:8
FNH:8
FNDA:7,(anonymous_0)
FNDA:7,(anonymous_1)
FNDA:1,(anonymous_2)
FNDA:4,(anonymous_3)
FNDA:2,(anonymous_4)
FNDA:1,(anonymous_5)
FNDA:1,(anonymous_6)
FNDA:1,(anonymous_7)
DA:16,1
DA:18,7
DA:23,7
DA:24,7
DA:27,7
DA:31,1
DA:35,4
DA:36,2
DA:38,2
DA:39,2
DA:40,2
DA:41,2
DA:43,2
DA:46,1
DA:47,1
DA:54,1
DA:55,1
LF:17
LH:17
BRDA:35,0,0,2
BRDA:35,1,0,4
BRDA:35,1,1,4
BRF:3
BRH:3
end_of_record
TN:
SF:src\app\application\surveys\surveys.component.ts
FN:15,(anonymous_0)
FN:19,(anonymous_1)
FN:25,(anonymous_2)
FNF:3
FNH:3
FNDA:1,(anonymous_0)
FNDA:1,(anonymous_1)
FNDA:1,(anonymous_2)
DA:11,1
DA:15,1
DA:16,1
DA:17,1
DA:18,1
DA:20,1
DA:26,1
LF:7
LH:7
BRF:0
BRH:0
end_of_record
TN:
SF:src\app\application\surveys\survey\survey.component.ts
FN:21,(anonymous_0)
FN:27,(anonymous_1)
FN:32,(anonymous_2)
FN:36,(anonymous_3)
FN:39,(anonymous_4)
FN:78,(anonymous_5)
FN:81,(anonymous_6)
FN:84,(anonymous_7)
FN:87,(anonymous_8)
FN:90,(anonymous_9)
FN:92,(anonymous_10)
FN:101,(anonymous_11)
FN:105,(anonymous_12)
FN:110,(anonymous_13)
FN:110,(anonymous_14)
FN:117,customValidateFormArray
FN:118,(anonymous_17)
FN:120,(anonymous_18)
FN:126,pickValidator
FN:132,returnDefaultFuntion
FN:133,(anonymous_21)
FNF:21
FNH:21
FNDA:6,(anonymous_0)
FNDA:6,(anonymous_1)
FNDA:7,(anonymous_2)
FNDA:21,(anonymous_3)
FNDA:28,(anonymous_4)
FNDA:6,(anonymous_5)
FNDA:12,(anonymous_6)
FNDA:36,(anonymous_7)
FNDA:12,(anonymous_8)
FNDA:4,(anonymous_9)
FNDA:6,(anonymous_10)
FNDA:6,(anonymous_11)
FNDA:4,(anonymous_12)
FNDA:1,(anonymous_13)
FNDA:1,(anonymous_14)
FNDA:7,customValidateFormArray
FNDA:44,(anonymous_17)
FNDA:87,(anonymous_18)
FNDA:21,pickValidator
FNDA:14,returnDefaultFuntion
FNDA:68,(anonymous_21)
DA:15,1
DA:21,6
DA:22,6
DA:23,6
DA:24,6
DA:25,6
DA:26,6
DA:28,6
DA:34,7
DA:36,7
DA:37,21
DA:38,21
DA:39,21
DA:41,28
DA:42,7
DA:46,21
DA:48,7
DA:53,14
DA:59,21
DA:60,7
DA:65,21
DA:72,7
DA:79,6
DA:82,12
DA:85,36
DA:88,12
DA:91,4
DA:92,2
DA:93,6
DA:95,2
DA:96,2
DA:97,2
DA:101,4
DA:102,6
DA:104,4
DA:105,4
DA:109,2
DA:110,1
DA:113,2
DA:118,7
DA:119,44
DA:120,44
DA:121,87
DA:123,44
DA:127,21
DA:128,7
DA:130,14
DA:133,68
LF:48
LH:48
BRDA:41,0,0,7
BRDA:41,0,1,21
BRDA:46,1,0,7
BRDA:46,1,1,14
BRDA:59,2,0,7
BRDA:91,3,0,2
BRDA:91,3,1,2
BRDA:93,4,0,2
BRDA:93,4,1,4
BRDA:104,5,0,2
BRDA:121,6,0,87
BRDA:123,7,0,43
BRDA:123,7,1,1
BRDA:127,8,0,7
BRDA:127,8,1,14
BRF:15
BRH:15
end_of_record
TN:
SF:src\app\application\surveys\survey-card\survey-card.component.ts
FN:16,(anonymous_0)
FN:19,(anonymous_1)
FNF:2
FNH:2
FNDA:4,(anonymous_0)
FNDA:1,(anonymous_1)
DA:12,1
DA:16,4
DA:17,4
DA:20,1
DA:21,1
LF:5
LH:5
BRF:0
BRH:0
end_of_record
TN:
SF:src\app\application\voting-forms\voting-forms.component.ts
FN:15,(anonymous_0)
FN:19,(anonymous_1)
FN:25,(anonymous_2)
FNF:3
FNH:3
FNDA:3,(anonymous_0)
FNDA:3,(anonymous_1)
FNDA:2,(anonymous_2)
DA:11,1
DA:15,3
DA:16,3
DA:17,3
DA:18,3
DA:20,3
DA:26,2
LF:7
LH:7
BRF:0
BRH:0
end_of_record
TN:
SF:src\app\application\voting-forms\voting-forms-card\voting-forms-card.component.ts
FN:16,(anonymous_0)
FN:19,(anonymous_1)
FNF:2
FNH:2
FNDA:4,(anonymous_0)
FNDA:1,(anonymous_1)
DA:12,1
DA:16,4
DA:17,4
DA:20,1
DA:21,1
LF:5
LH:5
BRF:0
BRH:0
end_of_record
TN:
SF:src\app\register_and_login\register-and-login.component.ts
FN:55,(anonymous_0)
FN:73,(anonymous_1)
FN:83,(anonymous_2)
FN:84,(anonymous_3)
FN:94,(anonymous_4)
FN:104,(anonymous_5)
FN:105,(anonymous_6)
FN:108,(anonymous_7)
FN:109,(anonymous_8)
FN:112,(anonymous_9)
FN:117,(anonymous_10)
FN:124,(anonymous_11)
FN:127,(anonymous_12)
FN:131,(anonymous_13)
FN:134,(anonymous_14)
FN:137,(anonymous_15)
FN:141,(anonymous_16)
FNF:17
FNH:17
FNDA:11,(anonymous_0)
FNDA:90,(anonymous_1)
FNDA:24,(anonymous_2)
FNDA:7,(anonymous_3)
FNDA:87,(anonymous_4)
FNDA:10,(anonymous_5)
FNDA:1,(anonymous_6)
FNDA:12,(anonymous_7)
FNDA:2,(anonymous_8)
FNDA:2,(anonymous_9)
FNDA:3,(anonymous_10)
FNDA:2,(anonymous_11)
FNDA:1,(anonymous_12)
FNDA:1,(anonymous_13)
FNDA:2,(anonymous_14)
FNDA:1,(anonymous_15)
FNDA:1,(anonymous_16)
DA:18,1
DA:24,11
DA:25,11
DA:26,11
DA:27,11
DA:34,11
DA:35,11
DA:36,11
DA:37,11
DA:38,11
DA:50,11
DA:51,11
DA:52,11
DA:56,11
DA:57,11
DA:58,11
DA:59,11
DA:60,11
DA:63,11
DA:64,11
DA:66,11
DA:74,90
DA:78,90
DA:82,11
DA:83,24
DA:84,7
DA:86,11
DA:95,87
DA:99,87
DA:103,11
DA:104,10
DA:105,1
DA:109,12
DA:110,2
DA:112,12
DA:113,2
DA:118,3
DA:119,1
DA:121,2
DA:125,2
DA:128,1
DA:129,1
DA:131,1
DA:135,2
DA:138,1
DA:139,1
DA:141,1
LF:47
LH:47
BRDA:78,0,0,7
BRDA:78,0,1,83
BRDA:83,1,0,24
BRDA:83,1,1,7
BRDA:99,2,0,2
BRDA:99,2,1,85
BRDA:118,3,0,1
BRDA:118,3,1,2
BRF:8
BRH:8
end_of_record
TN:
SF:src\app\register_and_login\test_data.ts
FNF:0
FNH:0
DA:8,1
LF:1
LH:1
BRF:0
BRH:0
end_of_record
